2024-05-31 17:48:23,669 INFO Starting Nacos v1.4.4 using Java 17.0.6 on wyh_great with PID 12224 (D:\Tools\NacosServer\nacos\target\nacos-server.jar started by 47129 in D:\Tools\NacosServer\nacos\bin)

2024-05-31 17:48:23,669 INFO The following 1 profile is active: "standalone"

2024-05-31 17:48:25,814 INFO Tomcat initialized with port(s): 8848 (http)

2024-05-31 17:48:25,815 INFO Loaded Apache Tomcat Native library [2.0.4] using APR version [1.7.4].

2024-05-31 17:48:25,816 INFO APR capabilities: IPv6 [true], sendfile [true], accept filters [false], random [true], UDS [true].

2024-05-31 17:48:25,816 INFO APR/OpenSSL configuration: useAprConnector [false], useOpenSSL [true]

2024-05-31 17:48:25,820 INFO OpenSSL successfully initialized [OpenSSL 3.0.9 30 May 2023]

2024-05-31 17:48:25,837 INFO Starting service [Tomcat]

2024-05-31 17:48:25,837 INFO Starting Servlet engine: [Apache Tomcat/9.0.60]

2024-05-31 17:48:26,075 INFO At least one JAR was scanned for TLDs yet contained no TLDs. Enable debug logging for this logger for a complete list of JARs that were scanned but no TLDs were found in them. Skipping unneeded JARs during scanning can improve startup time and JSP compilation time.

2024-05-31 17:48:26,113 INFO Initializing Spring embedded WebApplicationContext

2024-05-31 17:48:26,113 INFO Root WebApplicationContext: initialization completed in 2387 ms

2024-05-31 17:48:26,690 INFO HikariPool-1 - Starting...

2024-05-31 17:48:26,700 WARN Registered driver with driverClassName=org.apache.derby.jdbc.EmbeddedDriver was not found, trying direct instantiation.

2024-05-31 17:48:26,925 INFO HikariPool-1 - Driver does not support get/set network timeout for connections. (Feature not implemented: No details.)

2024-05-31 17:48:26,927 INFO HikariPool-1 - Start completed.

2024-05-31 17:48:27,518 INFO Nacos-related cluster resource initialization

2024-05-31 17:48:27,529 INFO The cluster resource is initialized

2024-05-31 17:48:27,894 INFO Reflections took 26 ms to scan 1 urls, producing 4 keys and 6 values 

2024-05-31 17:48:27,915 INFO Reflections took 6 ms to scan 1 urls, producing 6 keys and 26 values 

2024-05-31 17:48:27,932 INFO Reflections took 3 ms to scan 1 urls, producing 3 keys and 15 values 

2024-05-31 17:48:27,942 INFO Reflections took 2 ms to scan 1 urls, producing 2 keys and 12 values 

2024-05-31 17:48:28,504 INFO Adding welcome page: class path resource [static/index.html]

2024-05-31 17:48:28,836 WARN You are asking Spring Security to ignore Ant [pattern='/**']. This is not recommended -- please use permitAll via HttpSecurity#authorizeHttpRequests instead.

2024-05-31 17:48:28,837 INFO Will secure Ant [pattern='/**'] with []

2024-05-31 17:48:28,864 INFO Will not secure any request

2024-05-31 17:48:28,888 INFO Exposing 1 endpoint(s) beneath base path '/actuator'

2024-05-31 17:48:28,962 INFO Tomcat started on port(s): 8848 (http) with context path '/nacos'

2024-05-31 17:48:29,008 INFO Started Nacos in 6.221 seconds (JVM running for 6.792)

2024-05-31 17:48:29,011 INFO Nacos started successfully in stand alone mode. use embedded storage

2024-05-31 17:48:29,085 INFO Initializing Spring DispatcherServlet 'dispatcherServlet'

2024-05-31 17:48:29,085 INFO Initializing Servlet 'dispatcherServlet'

2024-05-31 17:48:29,086 INFO Completed initialization in 0 ms

