2024-05-31 17:48:27,574 INFO raft peers changed: [Member{ip='26.26.26.1', port=8848, state=UP, extendInfo={raftPort=7848}}]

2024-05-31 17:48:27,596 INFO initializing Raft sub-system

2024-05-31 17:48:27,762 INFO finish loading all datums, size: 2 cost 166 ms.

2024-05-31 17:48:27,765 INFO cache loaded, datum count: 2, current term: 0

2024-05-31 17:48:27,765 INFO finish to load data from disk, cost: 169 ms.

2024-05-31 17:48:27,767 INFO timer started: leader timeout ms: 15000, heart-beat timeout ms: 5000

2024-05-31 17:48:28,011 INFO add listener: com.alibaba.nacos.naming.domains.meta.00-00---000-NACOS_SWITCH_DOMAIN-000---00-00

2024-05-31 17:48:28,024 INFO add listener: com.alibaba.nacos.naming.domains.meta.

2024-05-31 17:48:28,024 INFO [RAFT-NOTIFIER] datum is changed, key: com.alibaba.nacos.naming.domains.meta.public##dev@@my-api-gateway, value: Service{name='dev@@my-api-gateway', protectThreshold=0.0, appName='null', groupName='dev', metadata={service_definition={"desc":"api网关服务","enable":true,"envType":"dev","invokerMap":{},"serviceId":"my-api-gateway","uniqueId":"my-api-gateway:1.0.0"}}}

2024-05-31 17:48:28,102 INFO add listener: com.alibaba.nacos.naming.iplist.public##dev@@my-api-gateway

2024-05-31 17:48:28,117 INFO [RAFT-NOTIFIER] datum is changed, key: com.alibaba.nacos.naming.domains.meta.public##dev@@http-service, value: Service{name='dev@@http-service', protectThreshold=0.0, appName='null', groupName='dev', metadata={service_definition={"desc":"test","enable":true,"envType":"dev","invokerMap":{"/http-service/test":{"desc":"test-svc","invokerPath":"/http-service/test","ruleId":"1","timeout":5000},"/http-service/user":{"desc":"user-svc","invokerPath":"/http-service/user","ruleId":"3","timeout":5000},"/http-service/login":{"desc":"login-svc","invokerPath":"/http-service/login","ruleId":"2","timeout":5000}},"patternPath":"/http-service/**","protocol":"http","serviceId":"http-service","uniqueId":"http-service:1.0.0","version":"1.0.0"}}}

2024-05-31 17:48:28,118 INFO add listener: com.alibaba.nacos.naming.iplist.public##dev@@http-service

2024-05-31 17:48:28,611 INFO [RAFT-NOTIFIER] datum is changed, key: com.alibaba.nacos.naming.domains.meta.public##dev@@http-service, value: Service{name='dev@@http-service', protectThreshold=0.0, appName='null', groupName='dev', metadata={service_definition={"desc":"test","enable":true,"envType":"dev","invokerMap":{"/http-service/test":{"desc":"test-svc","invokerPath":"/http-service/test","ruleId":"1","timeout":5000},"/http-service/user":{"desc":"user-svc","invokerPath":"/http-service/user","ruleId":"3","timeout":5000},"/http-service/login":{"desc":"login-svc","invokerPath":"/http-service/login","ruleId":"2","timeout":5000}},"patternPath":"/http-service/**","protocol":"http","serviceId":"http-service","uniqueId":"http-service:1.0.0","version":"1.0.0"}}}

2024-05-31 17:48:28,623 INFO add listener: com.alibaba.nacos.naming.iplist.public##dev@@http-service

2024-05-31 17:48:28,623 INFO [RAFT-NOTIFIER] datum is changed, key: com.alibaba.nacos.naming.domains.meta.public##dev@@my-api-gateway, value: Service{name='dev@@my-api-gateway', protectThreshold=0.0, appName='null', groupName='dev', metadata={service_definition={"desc":"api网关服务","enable":true,"envType":"dev","invokerMap":{},"serviceId":"my-api-gateway","uniqueId":"my-api-gateway:1.0.0"}}}

2024-05-31 17:48:28,623 INFO add listener: com.alibaba.nacos.naming.iplist.public##dev@@my-api-gateway

2024-05-31 17:48:32,572 WARN start to close old raft protocol!!!

2024-05-31 17:48:32,572 WARN stop old raft protocol task for notifier

2024-05-31 17:48:32,572 WARN stop old raft protocol task for master task

2024-05-31 17:48:32,572 WARN stop old raft protocol task for heartbeat task

2024-05-31 17:48:32,572 WARN clean old cache datum for old raft

2024-05-31 17:48:32,572 WARN start to close old raft protocol!!!

2024-05-31 17:48:32,572 WARN stop old raft protocol task for notifier

2024-05-31 17:48:32,572 WARN stop old raft protocol task for master task

2024-05-31 17:48:32,572 WARN stop old raft protocol task for heartbeat task

2024-05-31 17:48:32,572 WARN clean old cache datum for old raft

2024-05-31 17:48:32,572 WARN start to move old raft protocol metadata

2024-05-31 17:48:32,576 INFO raft peers changed: [Member{ip='26.26.26.1', port=8848, state=UP, extendInfo={lastRefreshTime=1717148912575, raftPort=7848, version=1.4.4}}]

2024-05-31 17:48:32,576 WARN start to move old raft protocol metadata

2024-05-31 17:51:18,096 INFO [RAFT-NOTIFIER] datum is deleted, key: com.alibaba.nacos.naming.domains.meta.public##dev@@http-service

2024-05-31 17:51:19,123 INFO [RAFT-NOTIFIER] datum is changed, key: com.alibaba.nacos.naming.domains.meta.public##dev@@my-api-gateway, value: Service{name='dev@@my-api-gateway', protectThreshold=0.0, appName='null', groupName='dev', metadata={service_definition={"desc":"api网关服务","enable":true,"envType":"dev","invokerMap":{},"serviceId":"my-api-gateway","uniqueId":"my-api-gateway:1.0.0"}}}

2024-05-31 17:51:19,123 INFO add listener: com.alibaba.nacos.naming.iplist.public##dev@@my-api-gateway

